[ 2019-03-07T16:04:51+08:00 ] 117.136.40.167 /webApp/AddOrderItem?account=o6nWZ5auhMBweZ2RmJQjYFbUhxus&goodsidlist=GD20181028134545&goodsnumlist=1&payway=%E4%BD%99%E9%A2%9D%E6%94%AF%E4%BB%98&comtime=2019-3-7%2016%3A04%20%E7%AB%8B%E5%8D%B3%E9%80%81&name=%E8%8B%8F%E6%9D%A8%E4%B8%B9&tel=13711739368&address=%E5%B9%BF%E4%B8%9C%E7%9C%81%E5%B9%BF%E5%B7%9E%E5%B8%82%E4%BB%8E%E5%8C%96%E5%8C%BA%E5%B9%BF%E4%BB%8E%E5%8D%97%E8%B7%AF&box=2&real=4&discount=0&total=4&apppaycode=123456
ERR: 1452:Cannot add or update a child row: a foreign key constraint fails (`webapp`.`users_point`, CONSTRAINT `point_userid` FOREIGN KEY (`point_userid`) REFERENCES `users` (`userId`) ON DELETE CASCADE ON UPDATE CASCADE)
 [ SQL语句 ] : INSERT INTO webapp.users_point (`pointNumber`,`pointCost`,`pointTime`,`ways`,`point_userid`) VALUES ('9820190307160451','0','2019-03-07 16:04:51','购物抵用','o6nWZ5auhMBweZ2RmJQjYFbUhxus')
ERR: 1452:Cannot add or update a child row: a foreign key constraint fails (`webapp`.`users_blance`, CONSTRAINT `user_id` FOREIGN KEY (`user_id`) REFERENCES `users` (`userId`) ON DELETE CASCADE ON UPDATE CASCADE)
 [ SQL语句 ] : INSERT INTO webapp.users_blance (`blanceNumber`,`blanceCost`,`blanceTime`,`blanceWays`,`user_id`) VALUES ('8620190307160451','4','2019-03-07 16:04:51','购物抵用','o6nWZ5auhMBweZ2RmJQjYFbUhxus')

[ 2019-03-07T16:23:57+08:00 ] 117.136.41.64 /webApp/WRegister?openid=o6nWZ5abEok3v-eP86e90ied7DVc&nickname=Lily%F0%9F%99%88%F0%9F%99%88&avatarurl=https%3A%2F%2Fwx.qlogo.cn%2Fmmopen%2Fvi_32%2FT6RGHe5RdrzjbMfcM2jPDtWfB3v6lxa7z01hRe93Y7TO8N6rAkREYpAkzZENXrxJia9IDkbJofBzf12vuUCltHw%2F132
ERR: 1366:Incorrect string value: '\xF0\x9F\x99\x88\xF0\x9F...' for column 'userName' at row 1
 [ SQL语句 ] : INSERT INTO webapp.users (`userId`,`openid`,`userName`,`userImage`,`userBlance`,`userPoint`,`regTime`) VALUES ('30716235722','o6nWZ5abEok3v-eP86e90ied7DVc','Lily🙈🙈','https://wx.qlogo.cn/mmopen/vi_32/T6RGHe5RdrzjbMfcM2jPDtWfB3v6lxa7z01hRe93Y7TO8N6rAkREYpAkzZENXrxJia9IDkbJofBzf12vuUCltHw/132','0','0','2019-03-07 16:23:57')

[ 2019-03-07T16:25:49+08:00 ] 117.136.41.64 /webApp/WRegister?openid=o6nWZ5abEok3v-eP86e90ied7DVc&nickname=Lily%F0%9F%99%88%F0%9F%99%88&avatarurl=https%3A%2F%2Fwx.qlogo.cn%2Fmmopen%2Fvi_32%2FT6RGHe5RdrzjbMfcM2jPDtWfB3v6lxa7z01hRe93Y7TO8N6rAkREYpAkzZENXrxJia9IDkbJofBzf12vuUCltHw%2F132
ERR: 1366:Incorrect string value: '\xF0\x9F\x99\x88\xF0\x9F...' for column 'userName' at row 1
 [ SQL语句 ] : INSERT INTO webapp.users (`userId`,`openid`,`userName`,`userImage`,`userBlance`,`userPoint`,`regTime`) VALUES ('30716254921','o6nWZ5abEok3v-eP86e90ied7DVc','Lily🙈🙈','https://wx.qlogo.cn/mmopen/vi_32/T6RGHe5RdrzjbMfcM2jPDtWfB3v6lxa7z01hRe93Y7TO8N6rAkREYpAkzZENXrxJia9IDkbJofBzf12vuUCltHw/132','0','0','2019-03-07 16:25:49')

[ 2019-03-07T16:28:13+08:00 ] 117.136.41.64 /webApp/WRegister?openid=o6nWZ5abEok3v-eP86e90ied7DVc&nickname=Lily%F0%9F%99%88%F0%9F%99%88&avatarurl=https%3A%2F%2Fwx.qlogo.cn%2Fmmopen%2Fvi_32%2FT6RGHe5RdrzjbMfcM2jPDtWfB3v6lxa7z01hRe93Y7TO8N6rAkREYpAkzZENXrxJia9IDkbJofBzf12vuUCltHw%2F132
ERR: 1366:Incorrect string value: '\xF0\x9F\x99\x88\xF0\x9F...' for column 'userName' at row 1
 [ SQL语句 ] : INSERT INTO webapp.users (`userId`,`openid`,`userName`,`userImage`,`userBlance`,`userPoint`,`regTime`) VALUES ('30716281322','o6nWZ5abEok3v-eP86e90ied7DVc','Lily🙈🙈','https://wx.qlogo.cn/mmopen/vi_32/T6RGHe5RdrzjbMfcM2jPDtWfB3v6lxa7z01hRe93Y7TO8N6rAkREYpAkzZENXrxJia9IDkbJofBzf12vuUCltHw/132','0','0','2019-03-07 16:28:13')

[ 2019-03-07T16:46:25+08:00 ] 117.136.41.64 /webApp/AddOrderItem?account=o6nWZ5auhMBweZ2RmJQjYFbUhxus&goodsidlist=GD20181028133138&goodsnumlist=1&payway=%E4%BD%99%E9%A2%9D%E6%94%AF%E4%BB%98&comtime=2019-3-7%2016%3A46%20%E7%AB%8B%E5%8D%B3%E9%80%81&name=%E8%8B%8F%E6%9D%A8%E4%B8%B9&tel=13711739368&address=%E5%B9%BF%E4%B8%9C%E7%9C%81%E5%B9%BF%E5%B7%9E%E5%B8%82%E4%BB%8E%E5%8C%96%E5%8C%BA%E5%B9%BF%E4%BB%8E%E5%8D%97%E8%B7%AF&box=2&real=4.5&discount=0&total=4.5&apppaycode=123456
ERR: 1452:Cannot add or update a child row: a foreign key constraint fails (`webapp`.`users_point`, CONSTRAINT `point_userid` FOREIGN KEY (`point_userid`) REFERENCES `users` (`userId`) ON DELETE CASCADE ON UPDATE CASCADE)
 [ SQL语句 ] : INSERT INTO webapp.users_point (`pointNumber`,`pointCost`,`pointTime`,`ways`,`point_userid`) VALUES ('9620190307164625','0','2019-03-07 16:46:25','购物抵用','o6nWZ5auhMBweZ2RmJQjYFbUhxus')
ERR: 1452:Cannot add or update a child row: a foreign key constraint fails (`webapp`.`users_blance`, CONSTRAINT `user_id` FOREIGN KEY (`user_id`) REFERENCES `users` (`userId`) ON DELETE CASCADE ON UPDATE CASCADE)
 [ SQL语句 ] : INSERT INTO webapp.users_blance (`blanceNumber`,`blanceCost`,`blanceTime`,`blanceWays`,`user_id`) VALUES ('8920190307164625','4.5','2019-03-07 16:46:25','购物抵用','o6nWZ5auhMBweZ2RmJQjYFbUhxus')

[ 2019-03-07T16:48:07+08:00 ] 117.136.41.64 /webApp/AddOrderItem?account=o6nWZ5auhMBweZ2RmJQjYFbUhxus&goodsidlist=GD20181028134125%2CGD20181028133434%2CGD20181028133957%2CGD20181028133434&goodsnumlist=1%2C1%2C1%2C1&payway=%E4%BD%99%E9%A2%9D%E6%94%AF%E4%BB%98&comtime=2019-3-7%2016%3A48%20%E7%AB%8B%E5%8D%B3%E9%80%81&name=%E8%8B%8F%E6%9D%A8%E4%B8%B9&tel=13711739368&address=%E5%B9%BF%E4%B8%9C%E7%9C%81%E5%B9%BF%E5%B7%9E%E5%B8%82%E4%BB%8E%E5%8C%96%E5%8C%BA%E5%B9%BF%E4%BB%8E%E5%8D%97%E8%B7%AF&box=2&real=18&discount=0&total=18&apppaycode=123456
ERR: 1452:Cannot add or update a child row: a foreign key constraint fails (`webapp`.`users_point`, CONSTRAINT `point_userid` FOREIGN KEY (`point_userid`) REFERENCES `users` (`userId`) ON DELETE CASCADE ON UPDATE CASCADE)
 [ SQL语句 ] : INSERT INTO webapp.users_point (`pointNumber`,`pointCost`,`pointTime`,`ways`,`point_userid`) VALUES ('9520190307164807','0','2019-03-07 16:48:07','购物抵用','o6nWZ5auhMBweZ2RmJQjYFbUhxus')
ERR: 1452:Cannot add or update a child row: a foreign key constraint fails (`webapp`.`users_blance`, CONSTRAINT `user_id` FOREIGN KEY (`user_id`) REFERENCES `users` (`userId`) ON DELETE CASCADE ON UPDATE CASCADE)
 [ SQL语句 ] : INSERT INTO webapp.users_blance (`blanceNumber`,`blanceCost`,`blanceTime`,`blanceWays`,`user_id`) VALUES ('8120190307164807','18','2019-03-07 16:48:07','购物抵用','o6nWZ5auhMBweZ2RmJQjYFbUhxus')

[ 2019-03-07T16:50:41+08:00 ] 117.136.41.64 /webApp/AddOrderItem?account=o6nWZ5auhMBweZ2RmJQjYFbUhxus&goodsidlist=GD20181028134653%2CGD20181028133434%2CGD20181028133616%2CGD20181028134125&goodsnumlist=1%2C1%2C1%2C1&payway=%E4%BD%99%E9%A2%9D%E6%94%AF%E4%BB%98&comtime=2019-3-7%2011%3A30-12%3A00&name=%E8%8B%8F%E6%9D%A8%E4%B8%B9&tel=13711739368&address=%E5%B9%BF%E4%B8%9C%E7%9C%81%E5%B9%BF%E5%B7%9E%E5%B8%82%E4%BB%8E%E5%8C%96%E5%8C%BA%E5%B9%BF%E4%BB%8E%E5%8D%97%E8%B7%AF&box=2&real=17.5&discount=0&total=17.5&apppaycode=123456
ERR: 1452:Cannot add or update a child row: a foreign key constraint fails (`webapp`.`users_point`, CONSTRAINT `point_userid` FOREIGN KEY (`point_userid`) REFERENCES `users` (`userId`) ON DELETE CASCADE ON UPDATE CASCADE)
 [ SQL语句 ] : INSERT INTO webapp.users_point (`pointNumber`,`pointCost`,`pointTime`,`ways`,`point_userid`) VALUES ('9220190307165041','0','2019-03-07 16:50:41','购物抵用','o6nWZ5auhMBweZ2RmJQjYFbUhxus')
ERR: 1452:Cannot add or update a child row: a foreign key constraint fails (`webapp`.`users_blance`, CONSTRAINT `user_id` FOREIGN KEY (`user_id`) REFERENCES `users` (`userId`) ON DELETE CASCADE ON UPDATE CASCADE)
 [ SQL语句 ] : INSERT INTO webapp.users_blance (`blanceNumber`,`blanceCost`,`blanceTime`,`blanceWays`,`user_id`) VALUES ('8620190307165041','17.5','2019-03-07 16:50:41','购物抵用','o6nWZ5auhMBweZ2RmJQjYFbUhxus')

[ 2019-03-07T16:52:38+08:00 ] 117.136.41.64 /webApp/AddOrderItem?account=o6nWZ5auhMBweZ2RmJQjYFbUhxus&goodsidlist=GD20181028134545%2CGD20181028133831%2CGD20181028134125%2CGD20181028134125&goodsnumlist=1%2C1%2C1%2C1&payway=%E4%BD%99%E9%A2%9D%E6%94%AF%E4%BB%98&comtime=2019-3-7%2016%3A52%20%E7%AB%8B%E5%8D%B3%E9%80%81&name=%E8%8B%8F%E6%9D%A8%E4%B8%B9&tel=13711739368&address=%E5%B9%BF%E4%B8%9C%E7%9C%81%E5%B9%BF%E5%B7%9E%E5%B8%82%E4%BB%8E%E5%8C%96%E5%8C%BA%E5%B9%BF%E4%BB%8E%E5%8D%97%E8%B7%AF&box=2&real=15&discount=0&total=15&apppaycode=123456
ERR: 1452:Cannot add or update a child row: a foreign key constraint fails (`webapp`.`users_point`, CONSTRAINT `point_userid` FOREIGN KEY (`point_userid`) REFERENCES `users` (`userId`) ON DELETE CASCADE ON UPDATE CASCADE)
 [ SQL语句 ] : INSERT INTO webapp.users_point (`pointNumber`,`pointCost`,`pointTime`,`ways`,`point_userid`) VALUES ('9820190307165238','0','2019-03-07 16:52:38','购物抵用','o6nWZ5auhMBweZ2RmJQjYFbUhxus')
ERR: 1452:Cannot add or update a child row: a foreign key constraint fails (`webapp`.`users_blance`, CONSTRAINT `user_id` FOREIGN KEY (`user_id`) REFERENCES `users` (`userId`) ON DELETE CASCADE ON UPDATE CASCADE)
 [ SQL语句 ] : INSERT INTO webapp.users_blance (`blanceNumber`,`blanceCost`,`blanceTime`,`blanceWays`,`user_id`) VALUES ('8820190307165238','15','2019-03-07 16:52:38','购物抵用','o6nWZ5auhMBweZ2RmJQjYFbUhxus')

[ 2019-03-07T16:53:48+08:00 ] 117.136.41.64 /webApp/AddOrderItem?account=o6nWZ5auhMBweZ2RmJQjYFbUhxus&goodsidlist=GD20181028134322%2CGD20181028134653%2CGD20181028134919%2CGD20181028134919&goodsnumlist=1%2C1%2C1%2C1&payway=%E4%BD%99%E9%A2%9D%E6%94%AF%E4%BB%98&comtime=2019-3-7%2016%3A53%20%E7%AB%8B%E5%8D%B3%E9%80%81&name=%E8%8B%8F%E6%9D%A8%E4%B8%B9&tel=13711739368&address=%E5%B9%BF%E4%B8%9C%E7%9C%81%E5%B9%BF%E5%B7%9E%E5%B8%82%E4%BB%8E%E5%8C%96%E5%8C%BA%E5%B9%BF%E4%BB%8E%E5%8D%97%E8%B7%AF&box=2&real=15&discount=0&total=15&apppaycode=123456
ERR: 1452:Cannot add or update a child row: a foreign key constraint fails (`webapp`.`users_point`, CONSTRAINT `point_userid` FOREIGN KEY (`point_userid`) REFERENCES `users` (`userId`) ON DELETE CASCADE ON UPDATE CASCADE)
 [ SQL语句 ] : INSERT INTO webapp.users_point (`pointNumber`,`pointCost`,`pointTime`,`ways`,`point_userid`) VALUES ('9320190307165348','0','2019-03-07 16:53:48','购物抵用','o6nWZ5auhMBweZ2RmJQjYFbUhxus')
ERR: 1452:Cannot add or update a child row: a foreign key constraint fails (`webapp`.`users_blance`, CONSTRAINT `user_id` FOREIGN KEY (`user_id`) REFERENCES `users` (`userId`) ON DELETE CASCADE ON UPDATE CASCADE)
 [ SQL语句 ] : INSERT INTO webapp.users_blance (`blanceNumber`,`blanceCost`,`blanceTime`,`blanceWays`,`user_id`) VALUES ('8920190307165348','15','2019-03-07 16:53:48','购物抵用','o6nWZ5auhMBweZ2RmJQjYFbUhxus')

