[ 2019-03-05T13:30:36+08:00 ] 113.105.12.154 /webApp/AddOrderItem?account=o6nWZ5Y7zRlBAqIf7QUWQSDqLSsU&goodsidlist=GD20181028134545&goodsnumlist=1&payway=%E4%BD%99%E9%A2%9D%E6%94%AF%E4%BB%98&comtime=2019%2F3%2F5%2017%3A30-18%3A00&name=%E6%9C%B1%E6%AF%93%E5%B7%9D&tel=17999999999&address=%E5%B9%BF%E4%B8%9C%E7%9C%81%E5%B9%BF%E5%B7%9E%E5%B8%82%E7%99%BD%E4%BA%91%E5%8C%BA%E5%B9%BF%E5%9B%AD%E4%B8%AD%E8%B7%AF238%E5%8F%B7&box=%E5%8F%96%E9%A4%90%E6%9F%9C%E4%B8%80%E7%99%BE%E5%8F%B7&real=4&discount=1&total=3&apppaycode=123456
ERR: 1452:Cannot add or update a child row: a foreign key constraint fails (`webapp`.`users_point`, CONSTRAINT `point_userid` FOREIGN KEY (`point_userid`) REFERENCES `users` (`userId`) ON DELETE CASCADE ON UPDATE CASCADE)
 [ SQL语句 ] : INSERT INTO webapp.users_point (`pointNumber`,`pointCost`,`pointTime`,`ways`,`point_userid`) VALUES ('9320190305133036','1','2019-03-05 13:30:36','购物抵用','o6nWZ5Y7zRlBAqIf7QUWQSDqLSsU')
ERR: 1452:Cannot add or update a child row: a foreign key constraint fails (`webapp`.`users_blance`, CONSTRAINT `user_id` FOREIGN KEY (`user_id`) REFERENCES `users` (`userId`) ON DELETE CASCADE ON UPDATE CASCADE)
 [ SQL语句 ] : INSERT INTO webapp.users_blance (`blanceNumber`,`blanceCost`,`blanceTime`,`blanceWays`,`user_id`) VALUES ('8020190305133036','4','2019-03-05 13:30:36','购物抵用','o6nWZ5Y7zRlBAqIf7QUWQSDqLSsU')

[ 2019-03-05T13:34:27+08:00 ] 113.105.12.154 /webApp/AddOrderItem?account=o6nWZ5Y7zRlBAqIf7QUWQSDqLSsU&goodsidlist=GD20181028134545&goodsnumlist=1&payway=%E4%BD%99%E9%A2%9D%E6%94%AF%E4%BB%98&comtime=2019%2F3%2F5%2017%3A30-18%3A00&name=%E6%9C%B1%E6%AF%93%E5%B7%9D&tel=17999999999&address=%E5%B9%BF%E4%B8%9C%E7%9C%81%E5%B9%BF%E5%B7%9E%E5%B8%82%E7%99%BD%E4%BA%91%E5%8C%BA%E5%B9%BF%E5%9B%AD%E4%B8%AD%E8%B7%AF238%E5%8F%B7&box=%E5%8F%96%E9%A4%90%E6%9F%9C%E4%B8%80%E7%99%BE%E5%8F%B7&real=4&discount=3&total=1&apppaycode=123456
ERR: 1452:Cannot add or update a child row: a foreign key constraint fails (`webapp`.`users_point`, CONSTRAINT `point_userid` FOREIGN KEY (`point_userid`) REFERENCES `users` (`userId`) ON DELETE CASCADE ON UPDATE CASCADE)
 [ SQL语句 ] : INSERT INTO webapp.users_point (`pointNumber`,`pointCost`,`pointTime`,`ways`,`point_userid`) VALUES ('9120190305133427','3','2019-03-05 13:34:27','购物抵用','o6nWZ5Y7zRlBAqIf7QUWQSDqLSsU')
ERR: 1452:Cannot add or update a child row: a foreign key constraint fails (`webapp`.`users_blance`, CONSTRAINT `user_id` FOREIGN KEY (`user_id`) REFERENCES `users` (`userId`) ON DELETE CASCADE ON UPDATE CASCADE)
 [ SQL语句 ] : INSERT INTO webapp.users_blance (`blanceNumber`,`blanceCost`,`blanceTime`,`blanceWays`,`user_id`) VALUES ('8820190305133427','4','2019-03-05 13:34:27','购物抵用','o6nWZ5Y7zRlBAqIf7QUWQSDqLSsU')

[ 2019-03-05T13:38:06+08:00 ] 113.105.12.154 /webApp/AddOrderItem?account=o6nWZ5Y7zRlBAqIf7QUWQSDqLSsU&goodsidlist=GD20181028134545&goodsnumlist=2&payway=%E4%BD%99%E9%A2%9D%E6%94%AF%E4%BB%98&comtime=2019%2F3%2F5%2017%3A30-18%3A00&name=%E6%9C%B1%E6%AF%93%E5%B7%9D&tel=17999999999&address=%E5%B9%BF%E4%B8%9C%E7%9C%81%E5%B9%BF%E5%B7%9E%E5%B8%82%E7%99%BD%E4%BA%91%E5%8C%BA%E5%B9%BF%E5%9B%AD%E4%B8%AD%E8%B7%AF238%E5%8F%B7&box=%E5%8F%96%E9%A4%90%E6%9F%9C%E4%B8%80%E7%99%BE%E5%8F%B7&real=8&discount=0&total=8&apppaycode=123456
ERR: 1452:Cannot add or update a child row: a foreign key constraint fails (`webapp`.`users_point`, CONSTRAINT `point_userid` FOREIGN KEY (`point_userid`) REFERENCES `users` (`userId`) ON DELETE CASCADE ON UPDATE CASCADE)
 [ SQL语句 ] : INSERT INTO webapp.users_point (`pointNumber`,`pointCost`,`pointTime`,`ways`,`point_userid`) VALUES ('9420190305133806','0','2019-03-05 13:38:06','购物抵用','o6nWZ5Y7zRlBAqIf7QUWQSDqLSsU')
ERR: 1452:Cannot add or update a child row: a foreign key constraint fails (`webapp`.`users_blance`, CONSTRAINT `user_id` FOREIGN KEY (`user_id`) REFERENCES `users` (`userId`) ON DELETE CASCADE ON UPDATE CASCADE)
 [ SQL语句 ] : INSERT INTO webapp.users_blance (`blanceNumber`,`blanceCost`,`blanceTime`,`blanceWays`,`user_id`) VALUES ('8120190305133806','8','2019-03-05 13:38:06','购物抵用','o6nWZ5Y7zRlBAqIf7QUWQSDqLSsU')

[ 2019-03-05T13:39:41+08:00 ] 113.105.12.154 /webApp/AddOrderItem?account=o6nWZ5Y7zRlBAqIf7QUWQSDqLSsU&goodsidlist=GD20181028134545&goodsnumlist=2&payway=%E4%BD%99%E9%A2%9D%E6%94%AF%E4%BB%98&comtime=2019%2F3%2F5%2011%3A30-12%3A00&name=%E6%9C%B1%E6%AF%93%E5%B7%9D&tel=17999999999&address=%E5%B9%BF%E4%B8%9C%E7%9C%81%E5%B9%BF%E5%B7%9E%E5%B8%82%E7%99%BD%E4%BA%91%E5%8C%BA%E5%B9%BF%E5%9B%AD%E4%B8%AD%E8%B7%AF238%E5%8F%B7&box=%E5%8F%96%E9%A4%90%E6%9F%9C%E4%B8%80%E7%99%BE%E5%8F%B7&real=8&discount=0&total=8&apppaycode=123456
ERR: 1452:Cannot add or update a child row: a foreign key constraint fails (`webapp`.`users_point`, CONSTRAINT `point_userid` FOREIGN KEY (`point_userid`) REFERENCES `users` (`userId`) ON DELETE CASCADE ON UPDATE CASCADE)
 [ SQL语句 ] : INSERT INTO webapp.users_point (`pointNumber`,`pointCost`,`pointTime`,`ways`,`point_userid`) VALUES ('9920190305133941','0','2019-03-05 13:39:41','购物抵用','o6nWZ5Y7zRlBAqIf7QUWQSDqLSsU')
ERR: 1452:Cannot add or update a child row: a foreign key constraint fails (`webapp`.`users_blance`, CONSTRAINT `user_id` FOREIGN KEY (`user_id`) REFERENCES `users` (`userId`) ON DELETE CASCADE ON UPDATE CASCADE)
 [ SQL语句 ] : INSERT INTO webapp.users_blance (`blanceNumber`,`blanceCost`,`blanceTime`,`blanceWays`,`user_id`) VALUES ('9020190305133941','8','2019-03-05 13:39:41','购物抵用','o6nWZ5Y7zRlBAqIf7QUWQSDqLSsU')

[ 2019-03-05T20:47:40+08:00 ] 113.105.12.154 /webApp/AddOrderItem?account=o6nWZ5Y7zRlBAqIf7QUWQSDqLSsU&goodsidlist=GD20181028134545&goodsnumlist=1&payway=%E4%BD%99%E9%A2%9D%E6%94%AF%E4%BB%98&comtime=2019%2F3%2F6%2017%3A30-18%3A00&name=%E6%9C%B1%E6%AF%93%E5%B7%9D&tel=15915888888&address=%E5%B9%BF%E4%B8%9C%E7%9C%81%E5%B9%BF%E5%B7%9E%E5%B8%82%E4%BB%8E%E5%8C%96%E5%8C%BA%E6%96%B0%E5%9F%8E%E4%B8%9C%E8%B7%AF99%E5%8F%B7&box=1%E5%8F%B7&real=4&discount=0&total=4&apppaycode=123456
ERR: 1452:Cannot add or update a child row: a foreign key constraint fails (`webapp`.`users_point`, CONSTRAINT `point_userid` FOREIGN KEY (`point_userid`) REFERENCES `users` (`userId`) ON DELETE CASCADE ON UPDATE CASCADE)
 [ SQL语句 ] : INSERT INTO webapp.users_point (`pointNumber`,`pointCost`,`pointTime`,`ways`,`point_userid`) VALUES ('9820190305204740','0','2019-03-05 20:47:40','购物抵用','o6nWZ5Y7zRlBAqIf7QUWQSDqLSsU')
ERR: 1452:Cannot add or update a child row: a foreign key constraint fails (`webapp`.`users_blance`, CONSTRAINT `user_id` FOREIGN KEY (`user_id`) REFERENCES `users` (`userId`) ON DELETE CASCADE ON UPDATE CASCADE)
 [ SQL语句 ] : INSERT INTO webapp.users_blance (`blanceNumber`,`blanceCost`,`blanceTime`,`blanceWays`,`user_id`) VALUES ('8620190305204740','4','2019-03-05 20:47:40','购物抵用','o6nWZ5Y7zRlBAqIf7QUWQSDqLSsU')

[ 2019-03-05T20:53:38+08:00 ] 223.104.64.237 /webApp/WAddOrderItem?account=o6nWZ5Y7zRlBAqIf7QUWQSDqLSsU&goodsidlist=GD20181028134919&goodsnumlist=1&payway=%E4%BD%99%E9%A2%9D%E6%94%AF%E4%BB%98&comtime=2019-3-7%2011%3A30-12%3A00&name=%E6%9C%B1%E6%AF%93%E5%B7%9D&tel=15915888888&address=%E5%B9%BF%E4%B8%9C%E7%9C%81%E5%B9%BF%E5%B7%9E%E5%B8%82%E4%BB%8E%E5%8C%96%E5%8C%BA%E6%96%B0%E5%9F%8E%E4%B8%9C%E8%B7%AF99%E5%8F%B7&box=1%E5%8F%B7&real=3.5&discount=0&total=3.5
ERR: 1452:Cannot add or update a child row: a foreign key constraint fails (`webapp`.`users_point`, CONSTRAINT `point_userid` FOREIGN KEY (`point_userid`) REFERENCES `users` (`userId`) ON DELETE CASCADE ON UPDATE CASCADE)
 [ SQL语句 ] : INSERT INTO webapp.users_point (`pointNumber`,`pointCost`,`pointTime`,`ways`,`point_userid`) VALUES ('9120190305205338','0','2019-03-05 20:53:38','购物抵用','o6nWZ5Y7zRlBAqIf7QUWQSDqLSsU')
ERR: 1452:Cannot add or update a child row: a foreign key constraint fails (`webapp`.`users_blance`, CONSTRAINT `user_id` FOREIGN KEY (`user_id`) REFERENCES `users` (`userId`) ON DELETE CASCADE ON UPDATE CASCADE)
 [ SQL语句 ] : INSERT INTO webapp.users_blance (`blanceNumber`,`blanceCost`,`blanceTime`,`blanceWays`,`user_id`) VALUES ('8120190305205338','3.5','2019-03-05 20:53:38','购物抵用','o6nWZ5Y7zRlBAqIf7QUWQSDqLSsU')

[ 2019-03-05T20:59:53+08:00 ] 113.105.12.154 /webApp/AddOrderItem?account=o6nWZ5Y7zRlBAqIf7QUWQSDqLSsU&goodsidlist=GD20181028134919&goodsnumlist=1&payway=%E4%BD%99%E9%A2%9D%E6%94%AF%E4%BB%98&comtime=2019%2F3%2F5%2011%3A30-12%3A00&name=%E6%9C%B1%E6%AF%93%E5%B7%9D&tel=15915888888&address=%E5%B9%BF%E4%B8%9C%E7%9C%81%E5%B9%BF%E5%B7%9E%E5%B8%82%E4%BB%8E%E5%8C%96%E5%8C%BA%E6%96%B0%E5%9F%8E%E4%B8%9C%E8%B7%AF99%E5%8F%B7&box=1%E5%8F%B7&real=3.5&discount=0&total=3.5&apppaycode=123456
ERR: 1452:Cannot add or update a child row: a foreign key constraint fails (`webapp`.`users_point`, CONSTRAINT `point_userid` FOREIGN KEY (`point_userid`) REFERENCES `users` (`userId`) ON DELETE CASCADE ON UPDATE CASCADE)
 [ SQL语句 ] : INSERT INTO webapp.users_point (`pointNumber`,`pointCost`,`pointTime`,`ways`,`point_userid`) VALUES ('9020190305205953','0','2019-03-05 20:59:53','购物抵用','o6nWZ5Y7zRlBAqIf7QUWQSDqLSsU')
ERR: 1452:Cannot add or update a child row: a foreign key constraint fails (`webapp`.`users_blance`, CONSTRAINT `user_id` FOREIGN KEY (`user_id`) REFERENCES `users` (`userId`) ON DELETE CASCADE ON UPDATE CASCADE)
 [ SQL语句 ] : INSERT INTO webapp.users_blance (`blanceNumber`,`blanceCost`,`blanceTime`,`blanceWays`,`user_id`) VALUES ('8120190305205953','3.5','2019-03-05 20:59:53','购物抵用','o6nWZ5Y7zRlBAqIf7QUWQSDqLSsU')

[ 2019-03-05T21:36:17+08:00 ] 113.105.12.154 /webApp/AddOrderItem?account=o6nWZ5Y7zRlBAqIf7QUWQSDqLSsU&goodsidlist=GD20181028134545&goodsnumlist=1&payway=%E4%BD%99%E9%A2%9D%E6%94%AF%E4%BB%98&comtime=2019%2F3%2F6%2017%3A30-18%3A00&name=%E6%9C%B1%E6%AF%93%E5%B7%9D&tel=15915888888&address=%E5%B9%BF%E4%B8%9C%E7%9C%81%E5%B9%BF%E5%B7%9E%E5%B8%82%E4%BB%8E%E5%8C%96%E5%8C%BA%E6%96%B0%E5%9F%8E%E4%B8%9C%E8%B7%AF99%E5%8F%B7&box=1%E5%8F%B7&real=4&discount=0&total=4&apppaycode=123456
ERR: 1452:Cannot add or update a child row: a foreign key constraint fails (`webapp`.`users_point`, CONSTRAINT `point_userid` FOREIGN KEY (`point_userid`) REFERENCES `users` (`userId`) ON DELETE CASCADE ON UPDATE CASCADE)
 [ SQL语句 ] : INSERT INTO webapp.users_point (`pointNumber`,`pointCost`,`pointTime`,`ways`,`point_userid`) VALUES ('9520190305213617','0','2019-03-05 21:36:17','购物抵用','o6nWZ5Y7zRlBAqIf7QUWQSDqLSsU')
ERR: 1452:Cannot add or update a child row: a foreign key constraint fails (`webapp`.`users_blance`, CONSTRAINT `user_id` FOREIGN KEY (`user_id`) REFERENCES `users` (`userId`) ON DELETE CASCADE ON UPDATE CASCADE)
 [ SQL语句 ] : INSERT INTO webapp.users_blance (`blanceNumber`,`blanceCost`,`blanceTime`,`blanceWays`,`user_id`) VALUES ('9020190305213617','4','2019-03-05 21:36:17','购物抵用','o6nWZ5Y7zRlBAqIf7QUWQSDqLSsU')

