[ 2018-10-21T10:43:25+08:00 ] 61.151.207.252 /webAdmin/?nsukey=JVOsPQveHnRPNoVal93kyP2FcfvkCAXaKXkqAD1AEmArB987xixVMfeYw0SogsLc4XIjGpQbhha4qzEIREiaYNG2BuEr7L8Cq38c9RNmGDk9NhEtakeAuI7PTLebqth1ocN2FdKpPEA3bNA2F8f2Bb68LzIQB58Mpmxq2BUQFGEK2sOscO2o77Zmvr6qBMyi2Cfwe7ZqgOSFZFIpTlxJSRR5t0Gw3D3D
INFO: [ app_init ] --START--
INFO: Run Behavior\BuildLiteBehavior [ RunTime:0.000010s ]
INFO: [ app_init ] --END-- [ RunTime:0.000072s ]
INFO: [ app_begin ] --START--
INFO: Run Behavior\ReadHtmlCacheBehavior [ RunTime:0.000030s ]
INFO: [ app_begin ] --END-- [ RunTime:0.000056s ]
INFO: [ view_parse ] --START--
INFO: [ template_filter ] --START--
INFO: Run Behavior\ContentReplaceBehavior [ RunTime:0.000042s ]
INFO: [ template_filter ] --END-- [ RunTime:0.000071s ]
INFO: Run Behavior\ParseTemplateBehavior [ RunTime:0.001687s ]
INFO: [ view_parse ] --END-- [ RunTime:0.001721s ]
INFO: [ view_filter ] --START--
INFO: Run Behavior\WriteHtmlCacheBehavior [ RunTime:0.000033s ]
INFO: [ view_filter ] --END-- [ RunTime:0.000056s ]
INFO: [ app_end ] --START--
INFO: Run Behavior\ShowPageTraceBehavior [ RunTime:0.000029s ]
INFO: [ app_end ] --END-- [ RunTime:0.000053s ]

[ 2018-10-21T10:43:31+08:00 ] 112.96.194.60 /webAdmin/?nsukey=JVOsPQveHnRPNoVal93kyP2FcfvkCAXaKXkqAD1AEmArB987xixVMfeYw0SogsLc4XIjGpQbhha4qzEIREiaYNG2BuEr7L8Cq38c9RNmGDk9NhEtakeAuI7PTLebqth1ocN2FdKpPEA3bNA2F8f2Bb68LzIQB58Mpmxq2BUQFGEK2sOscO2o77Zmvr6qBMyi2Cfwe7ZqgOSFZFIpTlxJSRR5t0Gw3D3D
INFO: [ app_init ] --START--
INFO: Run Behavior\BuildLiteBehavior [ RunTime:0.000011s ]
INFO: [ app_init ] --END-- [ RunTime:0.000074s ]
INFO: [ app_begin ] --START--
INFO: Run Behavior\ReadHtmlCacheBehavior [ RunTime:0.000031s ]
INFO: [ app_begin ] --END-- [ RunTime:0.000057s ]
INFO: [ view_parse ] --START--
INFO: [ template_filter ] --START--
INFO: Run Behavior\ContentReplaceBehavior [ RunTime:0.000043s ]
INFO: [ template_filter ] --END-- [ RunTime:0.000075s ]
INFO: Run Behavior\ParseTemplateBehavior [ RunTime:0.001790s ]
INFO: [ view_parse ] --END-- [ RunTime:0.001823s ]
INFO: [ view_filter ] --START--
INFO: Run Behavior\WriteHtmlCacheBehavior [ RunTime:0.000033s ]
INFO: [ view_filter ] --END-- [ RunTime:0.000056s ]
INFO: [ app_end ] --START--
INFO: Run Behavior\ShowPageTraceBehavior [ RunTime:0.000027s ]
INFO: [ app_end ] --END-- [ RunTime:0.000050s ]

[ 2018-10-21T10:43:35+08:00 ] 101.226.225.84 /webAdmin/?nsukey=UbF41X45phL8zxBneCSMkKy2BbqukB0s2BkelbxNdGgC9675h0HfuuAdClrs9yESM0SBR7rs4iCf9M1p41Gcj1lTlmJabjl25piUEZMeyXQtMfch22BJJhsszr1nIOTqN2FTWDKPc36t2iKuJ6oIUUvfhZ2Be6Gjn4o28l6TFYHsce2B4L5gjGiOi5gEOILC2BZSTLrowpLK46KeDKaU4CkJlcCWg3D3D
INFO: [ app_init ] --START--
INFO: Run Behavior\BuildLiteBehavior [ RunTime:0.000010s ]
INFO: [ app_init ] --END-- [ RunTime:0.000074s ]
INFO: [ app_begin ] --START--
INFO: Run Behavior\ReadHtmlCacheBehavior [ RunTime:0.000031s ]
INFO: [ app_begin ] --END-- [ RunTime:0.000060s ]
INFO: [ view_parse ] --START--
INFO: [ template_filter ] --START--
INFO: Run Behavior\ContentReplaceBehavior [ RunTime:0.000043s ]
INFO: [ template_filter ] --END-- [ RunTime:0.000073s ]
INFO: Run Behavior\ParseTemplateBehavior [ RunTime:0.001718s ]
INFO: [ view_parse ] --END-- [ RunTime:0.001752s ]
INFO: [ view_filter ] --START--
INFO: Run Behavior\WriteHtmlCacheBehavior [ RunTime:0.000036s ]
INFO: [ view_filter ] --END-- [ RunTime:0.000057s ]
INFO: [ app_end ] --START--
INFO: Run Behavior\ShowPageTraceBehavior [ RunTime:0.000028s ]
INFO: [ app_end ] --END-- [ RunTime:0.000052s ]

[ 2018-10-21T10:44:25+08:00 ] 101.91.62.89 /webAdmin/?nsukey=JVOsPQveHnRPNoVal93kyP%2FcfvkCAXaKXkqAD1AEmArB987xixVMfeYw0SogsLc4XIjGpQbhha4qzEIREiaYNG%2BuEr7L8Cq38c9RNmGDk9NhEtakeAuI7PTLebqth1ocN%2FdKpPEA3bNA%2F8f%2Bb68LzIQB58Mpmxq%2BUQFGEK2sOscO2o77Zmvr6qBMyi2Cfwe7ZqgOSFZFIpTlxJSRR5t0Gw%3D%3D
INFO: [ app_init ] --START--
INFO: Run Behavior\BuildLiteBehavior [ RunTime:0.000011s ]
INFO: [ app_init ] --END-- [ RunTime:0.000081s ]
INFO: [ app_begin ] --START--
INFO: Run Behavior\ReadHtmlCacheBehavior [ RunTime:0.000032s ]
INFO: [ app_begin ] --END-- [ RunTime:0.000059s ]
INFO: [ view_parse ] --START--
INFO: [ template_filter ] --START--
INFO: Run Behavior\ContentReplaceBehavior [ RunTime:0.000045s ]
INFO: [ template_filter ] --END-- [ RunTime:0.000077s ]
INFO: Run Behavior\ParseTemplateBehavior [ RunTime:0.001809s ]
INFO: [ view_parse ] --END-- [ RunTime:0.001843s ]
INFO: [ view_filter ] --START--
INFO: Run Behavior\WriteHtmlCacheBehavior [ RunTime:0.000037s ]
INFO: [ view_filter ] --END-- [ RunTime:0.000058s ]
INFO: [ app_end ] --START--
INFO: Run Behavior\ShowPageTraceBehavior [ RunTime:0.000030s ]
INFO: [ app_end ] --END-- [ RunTime:0.000053s ]

[ 2018-10-21T10:44:31+08:00 ] 101.89.19.149 /webAdmin/?nsukey=JVOsPQveHnRPNoVal93kyP2FcfvkCAXaKXkqAD1AEmArB987xixVMfeYw0SogsLc4XIjGpQbhha4qzEIREiaYNG2BuEr7L8Cq38c9RNmGDk9NhEtakeAuI7PTLebqth1ocN2FdKpPEA3bNA2F8f2Bb68LzIQB58Mpmxq2BUQFGEK2sOscO2o77Zmvr6qBMyi2Cfwe7ZqgOSFZFIpTlxJSRR5t0Gw3D3D
INFO: [ app_init ] --START--
INFO: Run Behavior\BuildLiteBehavior [ RunTime:0.000010s ]
INFO: [ app_init ] --END-- [ RunTime:0.000082s ]
INFO: [ app_begin ] --START--
INFO: Run Behavior\ReadHtmlCacheBehavior [ RunTime:0.000030s ]
INFO: [ app_begin ] --END-- [ RunTime:0.000057s ]
INFO: [ view_parse ] --START--
INFO: [ template_filter ] --START--
INFO: Run Behavior\ContentReplaceBehavior [ RunTime:0.000043s ]
INFO: [ template_filter ] --END-- [ RunTime:0.000080s ]
INFO: Run Behavior\ParseTemplateBehavior [ RunTime:0.001722s ]
INFO: [ view_parse ] --END-- [ RunTime:0.001756s ]
INFO: [ view_filter ] --START--
INFO: Run Behavior\WriteHtmlCacheBehavior [ RunTime:0.000035s ]
INFO: [ view_filter ] --END-- [ RunTime:0.000057s ]
INFO: [ app_end ] --START--
INFO: Run Behavior\ShowPageTraceBehavior [ RunTime:0.000027s ]
INFO: [ app_end ] --END-- [ RunTime:0.000050s ]

[ 2018-10-21T10:44:34+08:00 ] 101.89.29.97 /webAdmin/?nsukey=UbF41X45phL8zxBneCSMkKy%2BbqukB0s%2BkelbxNdGgC9675h0HfuuAdClrs9yESM0SBR7rs4iCf9M1p41Gcj1lTlmJabjl25piUEZMeyXQtMfch2%2BJJhsszr1nIOTqN%2FTWDKPc36t2iKuJ6oIUUvfhZ%2Be6Gjn4o28l6TFYHsce%2B4L5gjGiOi5gEOILC%2BZSTLrowpLK46KeDKaU4CkJlcCWg%3D%3D
INFO: [ app_init ] --START--
INFO: Run Behavior\BuildLiteBehavior [ RunTime:0.000010s ]
INFO: [ app_init ] --END-- [ RunTime:0.000082s ]
INFO: [ app_begin ] --START--
INFO: Run Behavior\ReadHtmlCacheBehavior [ RunTime:0.000030s ]
INFO: [ app_begin ] --END-- [ RunTime:0.000057s ]
INFO: [ view_parse ] --START--
INFO: [ template_filter ] --START--
INFO: Run Behavior\ContentReplaceBehavior [ RunTime:0.000044s ]
INFO: [ template_filter ] --END-- [ RunTime:0.000076s ]
INFO: Run Behavior\ParseTemplateBehavior [ RunTime:0.001701s ]
INFO: [ view_parse ] --END-- [ RunTime:0.001744s ]
INFO: [ view_filter ] --START--
INFO: Run Behavior\WriteHtmlCacheBehavior [ RunTime:0.000035s ]
INFO: [ view_filter ] --END-- [ RunTime:0.000058s ]
INFO: [ app_end ] --START--
INFO: Run Behavior\ShowPageTraceBehavior [ RunTime:0.000031s ]
INFO: [ app_end ] --END-- [ RunTime:0.000055s ]

[ 2018-10-21T10:44:34+08:00 ] 101.91.60.110 /webAdmin/?nsukey=UbF41X45phL8zxBneCSMkKy%2BbqukB0s%2BkelbxNdGgC9675h0HfuuAdClrs9yESM0SBR7rs4iCf9M1p41Gcj1lTlmJabjl25piUEZMeyXQtMfch2%2BJJhsszr1nIOTqN%2FTWDKPc36t2iKuJ6oIUUvfhZ%2Be6Gjn4o28l6TFYHsce%2B4L5gjGiOi5gEOILC%2BZSTLrowpLK46KeDKaU4CkJlcCWg%3D%3D
INFO: [ app_init ] --START--
INFO: Run Behavior\BuildLiteBehavior [ RunTime:0.000007s ]
INFO: [ app_init ] --END-- [ RunTime:0.000050s ]
INFO: [ app_begin ] --START--
INFO: Run Behavior\ReadHtmlCacheBehavior [ RunTime:0.000024s ]
INFO: [ app_begin ] --END-- [ RunTime:0.000049s ]
INFO: [ view_parse ] --START--
INFO: [ template_filter ] --START--
INFO: Run Behavior\ContentReplaceBehavior [ RunTime:0.000037s ]
INFO: [ template_filter ] --END-- [ RunTime:0.000070s ]
INFO: Run Behavior\ParseTemplateBehavior [ RunTime:0.001520s ]
INFO: [ view_parse ] --END-- [ RunTime:0.001552s ]
INFO: [ view_filter ] --START--
INFO: Run Behavior\WriteHtmlCacheBehavior [ RunTime:0.000072s ]
INFO: [ view_filter ] --END-- [ RunTime:0.000096s ]
INFO: [ app_end ] --START--
INFO: Run Behavior\ShowPageTraceBehavior [ RunTime:0.000023s ]
INFO: [ app_end ] --END-- [ RunTime:0.000046s ]

