[ 2019-08-05T10:37:34+08:00 ] 47.101.200.243 /webAdmin/
INFO: [ app_init ] --START--
INFO: Run Behavior\BuildLiteBehavior [ RunTime:0.000010s ]
INFO: [ app_init ] --END-- [ RunTime:0.000069s ]
INFO: [ app_begin ] --START--
INFO: Run Behavior\ReadHtmlCacheBehavior [ RunTime:0.000027s ]
INFO: [ app_begin ] --END-- [ RunTime:0.000050s ]
INFO: [ view_parse ] --START--
INFO: [ template_filter ] --START--
INFO: Run Behavior\ContentReplaceBehavior [ RunTime:0.000034s ]
INFO: [ template_filter ] --END-- [ RunTime:0.000061s ]
NOTIC: [8] Undefined variable: js /alidata/www/default/webAdmin/Application/Runtime/Cache/Home/ccea6a400660ce54d68cab67b9f68781.php 第 81 行.
INFO: Run Behavior\ParseTemplateBehavior [ RunTime:0.001604s ]
INFO: [ view_parse ] --END-- [ RunTime:0.001628s ]
INFO: [ view_filter ] --START--
INFO: Run Behavior\WriteHtmlCacheBehavior [ RunTime:0.000027s ]
INFO: [ view_filter ] --END-- [ RunTime:0.000046s ]
INFO: [ app_end ] --START--
INFO: Run Behavior\ShowPageTraceBehavior [ RunTime:0.000024s ]
INFO: [ app_end ] --END-- [ RunTime:0.000043s ]

